2019-04-28T13:46:28+00:00 CRITICAL Uncaught Error: Call to undefined function wc_get_screen_ids() in /var/www/html/wp-content/plugins/woocommerce/includes/admin/helper/class-wc-helper.php:1384
Stack trace:
#0 /var/www/html/wp-content/plugins/woocommerce/includes/admin/helper/class-wc-helper.php(1356): WC_Helper::_prompt_helper_connect('themes')
#1 /var/www/html/wp-includes/class-wp-hook.php(286): WC_Helper::admin_notices('')
#2 /var/www/html/wp-includes/class-wp-hook.php(310): WP_Hook->apply_filters(NULL, Array)
#3 /var/www/html/wp-includes/plugin.php(465): WP_Hook->do_action(Array)
#4 /var/www/html/wp-admin/admin-header.php(276): do_action('admin_notices')
#5 /var/www/html/wp-admin/themes.php(160): require_once('/var/www/html/w...')
#6 {main}
  thrown in /var/www/html/wp-content/plugins/woocommerce/includes/admin/helper/class-wc-helper.php on line 1384

2019-04-28T13:48:02+00:00 CRITICAL Uncaught Error: Call to undefined function Avada() in /var/www/html/wp-content/plugins/fusion-builder/inc/lib/inc/class-fusion-privacy.php:178
Stack trace:
#0 /var/www/html/wp-content/plugins/fusion-builder/inc/lib/inc/class-fusion-privacy.php(79): Fusion_Privacy->get_server_data()
#1 /var/www/html/wp-includes/class-wp-hook.php(286): Fusion_Privacy->display_notice('')
#2 /var/www/html/wp-includes/class-wp-hook.php(310): WP_Hook->apply_filters(NULL, Array)
#3 /var/www/html/wp-includes/plugin.php(465): WP_Hook->do_action(Array)
#4 /var/www/html/wp-admin/admin.php(169): do_action('admin_init')
#5 {main}
  thrown in /var/www/html/wp-content/plugins/fusion-builder/inc/lib/inc/class-fusion-privacy.php on line 178

2019-04-28T13:49:37+00:00 CRITICAL Uncaught Error: Call to undefined function Avada() in /var/www/html/wp-content/plugins/fusion-builder/inc/lib/inc/class-fusion-privacy.php:178
Stack trace:
#0 /var/www/html/wp-content/plugins/fusion-builder/inc/lib/inc/class-fusion-privacy.php(79): Fusion_Privacy->get_server_data()
#1 /var/www/html/wp-includes/class-wp-hook.php(286): Fusion_Privacy->display_notice('')
#2 /var/www/html/wp-includes/class-wp-hook.php(310): WP_Hook->apply_filters(NULL, Array)
#3 /var/www/html/wp-includes/plugin.php(465): WP_Hook->do_action(Array)
#4 /var/www/html/wp-admin/admin.php(169): do_action('admin_init')
#5 /var/www/html/wp-admin/edit.php(10): require_once('/var/www/html/w...')
#6 {main}
  thrown in /var/www/html/wp-content/plugins/fusion-builder/inc/lib/inc/class-fusion-privacy.php on line 178

2019-04-28T13:49:55+00:00 CRITICAL Uncaught Error: Call to undefined function Avada() in /var/www/html/wp-content/plugins/fusion-builder/inc/lib/inc/class-fusion-privacy.php:178
Stack trace:
#0 /var/www/html/wp-content/plugins/fusion-builder/inc/lib/inc/class-fusion-privacy.php(79): Fusion_Privacy->get_server_data()
#1 /var/www/html/wp-includes/class-wp-hook.php(286): Fusion_Privacy->display_notice('')
#2 /var/www/html/wp-includes/class-wp-hook.php(310): WP_Hook->apply_filters(NULL, Array)
#3 /var/www/html/wp-includes/plugin.php(465): WP_Hook->do_action(Array)
#4 /var/www/html/wp-admin/admin.php(169): do_action('admin_init')
#5 {main}
  thrown in /var/www/html/wp-content/plugins/fusion-builder/inc/lib/inc/class-fusion-privacy.php on line 178

2019-04-28T13:51:03+00:00 CRITICAL Uncaught Error: Call to undefined function Avada() in /var/www/html/wp-content/plugins/fusion-builder/inc/lib/inc/class-fusion-privacy.php:178
Stack trace:
#0 /var/www/html/wp-content/plugins/fusion-builder/inc/lib/inc/class-fusion-privacy.php(79): Fusion_Privacy->get_server_data()
#1 /var/www/html/wp-includes/class-wp-hook.php(286): Fusion_Privacy->display_notice('')
#2 /var/www/html/wp-includes/class-wp-hook.php(310): WP_Hook->apply_filters(NULL, Array)
#3 /var/www/html/wp-includes/plugin.php(465): WP_Hook->do_action(Array)
#4 /var/www/html/wp-admin/admin.php(169): do_action('admin_init')
#5 /var/www/html/wp-admin/index.php(10): require_once('/var/www/html/w...')
#6 {main}
  thrown in /var/www/html/wp-content/plugins/fusion-builder/inc/lib/inc/class-fusion-privacy.php on line 178

2019-04-28T13:51:11+00:00 CRITICAL Uncaught Error: Call to undefined function Avada() in /var/www/html/wp-content/plugins/fusion-builder/inc/lib/inc/class-fusion-privacy.php:178
Stack trace:
#0 /var/www/html/wp-content/plugins/fusion-builder/inc/lib/inc/class-fusion-privacy.php(79): Fusion_Privacy->get_server_data()
#1 /var/www/html/wp-includes/class-wp-hook.php(286): Fusion_Privacy->display_notice('')
#2 /var/www/html/wp-includes/class-wp-hook.php(310): WP_Hook->apply_filters(NULL, Array)
#3 /var/www/html/wp-includes/plugin.php(465): WP_Hook->do_action(Array)
#4 /var/www/html/wp-admin/admin.php(169): do_action('admin_init')
#5 /var/www/html/wp-admin/index.php(10): require_once('/var/www/html/w...')
#6 {main}
  thrown in /var/www/html/wp-content/plugins/fusion-builder/inc/lib/inc/class-fusion-privacy.php on line 178

2019-04-28T13:52:30+00:00 CRITICAL Uncaught Error: Call to undefined function Avada() in /var/www/html/wp-content/plugins/fusion-builder/inc/lib/inc/class-fusion-privacy.php:178
Stack trace:
#0 /var/www/html/wp-content/plugins/fusion-builder/inc/lib/inc/class-fusion-privacy.php(79): Fusion_Privacy->get_server_data()
#1 /var/www/html/wp-includes/class-wp-hook.php(286): Fusion_Privacy->display_notice('')
#2 /var/www/html/wp-includes/class-wp-hook.php(310): WP_Hook->apply_filters(NULL, Array)
#3 /var/www/html/wp-includes/plugin.php(465): WP_Hook->do_action(Array)
#4 /var/www/html/wp-admin/admin.php(169): do_action('admin_init')
#5 {main}
  thrown in /var/www/html/wp-content/plugins/fusion-builder/inc/lib/inc/class-fusion-privacy.php on line 178

2019-04-28T13:53:04+00:00 CRITICAL Uncaught Error: Call to undefined function wc_get_screen_ids() in /var/www/html/wp-content/plugins/woocommerce/includes/admin/class-wc-admin-notices.php:159
Stack trace:
#0 /var/www/html/wp-includes/class-wp-hook.php(286): WC_Admin_Notices::add_notices('')
#1 /var/www/html/wp-includes/class-wp-hook.php(310): WP_Hook->apply_filters(NULL, Array)
#2 /var/www/html/wp-includes/plugin.php(465): WP_Hook->do_action(Array)
#3 /var/www/html/wp-admin/admin-header.php(113): do_action('admin_print_sty...')
#4 /var/www/html/wp-admin/plugins.php(459): require_once('/var/www/html/w...')
#5 {main}
  thrown in /var/www/html/wp-content/plugins/woocommerce/includes/admin/class-wc-admin-notices.php on line 159

